[0925/112735.856:WARNING:dns_config_service_win.cc(672)] Failed to read DnsConfig.
[0925/112740.862:WARNING:dns_config_service_win.cc(672)] Failed to read DnsConfig.
[0925/112803.751:WARNING:dns_config_service_win.cc(672)] Failed to read DnsConfig.
[0925/112808.759:WARNING:dns_config_service_win.cc(672)] Failed to read DnsConfig.
[0925/113135.526:ERROR:headless_shell.cc(204)] Capture screenshot is disabled when remote debugging is enabled.
[0925/113146.145:WARNING:dns_config_service_win.cc(672)] Failed to read DnsConfig.
[0925/113151.160:WARNING:dns_config_service_win.cc(672)] Failed to read DnsConfig.
[0925/113443.572:WARNING:dns_config_service_win.cc(672)] Failed to read DnsConfig.
[0925/113448.586:WARNING:dns_config_service_win.cc(672)] Failed to read DnsConfig.
[0925/113453.678:WARNING:dns_config_service_win.cc(672)] Failed to read DnsConfig.
[0925/113735.935:WARNING:dns_config_service_win.cc(672)] Failed to read DnsConfig.
[0925/113740.939:WARNING:dns_config_service_win.cc(672)] Failed to read DnsConfig.
[0925/113823.392:WARNING:dns_config_service_win.cc(672)] Failed to read DnsConfig.
[0925/113828.405:WARNING:dns_config_service_win.cc(672)] Failed to read DnsConfig.
[0925/113922.743:WARNING:dns_config_service_win.cc(672)] Failed to read DnsConfig.
[0925/113927.750:WARNING:dns_config_service_win.cc(672)] Failed to read DnsConfig.
[0925/144914.395:ERROR:process_reader_win.cc(123)] NtOpenThread: {Access Denied} A process has requested access to an object, but has not been granted those access rights. (0xc0000022)
[0925/144914.411:ERROR:exception_snapshot_win.cc(98)] thread ID 14080 not found in process
[0925/145620.649:ERROR:process_reader_win.cc(123)] NtOpenThread: {Access Denied} A process has requested access to an object, but has not been granted those access rights. (0xc0000022)
[0925/145620.651:ERROR:exception_snapshot_win.cc(98)] thread ID 15216 not found in process
[0925/145631.179:ERROR:process_reader_win.cc(123)] NtOpenThread: {Access Denied} A process has requested access to an object, but has not been granted those access rights. (0xc0000022)
[0925/145631.179:ERROR:exception_snapshot_win.cc(98)] thread ID 18076 not found in process
[0925/145643.079:ERROR:process_reader_win.cc(123)] NtOpenThread: {Access Denied} A process has requested access to an object, but has not been granted those access rights. (0xc0000022)
[0925/145643.079:ERROR:exception_snapshot_win.cc(98)] thread ID 14072 not found in process
[1005/171832.029:ERROR:process_reader_win.cc(123)] NtOpenThread: {Access Denied} A process has requested access to an object, but has not been granted those access rights. (0xc0000022)
[1005/171832.033:ERROR:exception_snapshot_win.cc(98)] thread ID 37896 not found in process
[1029/153925.590:ERROR:process_reader_win.cc(123)] NtOpenThread: {Access Denied} A process has requested access to an object, but has not been granted those access rights. (0xc0000022)
[1029/153925.590:ERROR:exception_snapshot_win.cc(98)] thread ID 16968 not found in process
[0513/122700.716:ERROR:process_reader_win.cc(123)] NtOpenThread: {Access Denied} A process has requested access to an object, but has not been granted those access rights. (0xc0000022)
[0513/122700.718:ERROR:exception_snapshot_win.cc(98)] thread ID 17260 not found in process
[1110/022509.436:WARNING:spdy_session.cc(3324)] Received HEADERS for invalid stream 5
[1110/022754.171:WARNING:spdy_session.cc(3324)] Received HEADERS for invalid stream 3
[1110/023411.304:WARNING:spdy_session.cc(3324)] Received HEADERS for invalid stream 23
[1110/023413.227:WARNING:spdy_session.cc(3324)] Received HEADERS for invalid stream 3
[1110/023603.487:WARNING:spdy_session.cc(3267)] Received WINDOW_UPDATE for invalid stream 7
[1110/023909.506:WARNING:spdy_session.cc(3267)] Received WINDOW_UPDATE for invalid stream 1
[1110/023909.506:WARNING:spdy_session.cc(3324)] Received HEADERS for invalid stream 1
[1110/023910.290:WARNING:spdy_session.cc(3324)] Received HEADERS for invalid stream 13
[1110/023910.309:WARNING:spdy_session.cc(3324)] Received HEADERS for invalid stream 15
[1110/024055.822:WARNING:spdy_session.cc(3267)] Received WINDOW_UPDATE for invalid stream 27
[1110/024211.828:WARNING:spdy_session.cc(3324)] Received HEADERS for invalid stream 13
[1110/024223.375:WARNING:spdy_session.cc(3324)] Received HEADERS for invalid stream 21
[1110/024345.334:WARNING:spdy_session.cc(3324)] Received HEADERS for invalid stream 7
[1110/024538.140:WARNING:spdy_session.cc(3324)] Received HEADERS for invalid stream 23
[1110/024538.191:WARNING:spdy_session.cc(3267)] Received WINDOW_UPDATE for invalid stream 3
[1110/024612.569:WARNING:spdy_session.cc(3324)] Received HEADERS for invalid stream 3
[1110/024830.707:WARNING:spdy_session.cc(3267)] Received WINDOW_UPDATE for invalid stream 7
[1110/024915.087:WARNING:spdy_session.cc(3324)] Received HEADERS for invalid stream 3
[1110/025320.828:WARNING:spdy_session.cc(3324)] Received HEADERS for invalid stream 15
[1110/025511.029:WARNING:spdy_session.cc(3324)] Received HEADERS for invalid stream 3
[1110/025723.074:WARNING:spdy_session.cc(3324)] Received HEADERS for invalid stream 15
[1113/005045.411:ERROR:process_reader_win.cc(123)] NtOpenThread: {Access Denied} A process has requested access to an object, but has not been granted those access rights. (0xc0000022)
[1113/005045.412:ERROR:exception_snapshot_win.cc(98)] thread ID 16824 not found in process
[1113/005056.949:ERROR:process_reader_win.cc(123)] NtOpenThread: {Access Denied} A process has requested access to an object, but has not been granted those access rights. (0xc0000022)
[1113/005056.950:ERROR:exception_snapshot_win.cc(98)] thread ID 4880 not found in process
[1113/005324.493:WARNING:spdy_session.cc(3324)] Received HEADERS for invalid stream 1
[1113/005957.003:WARNING:spdy_session.cc(3324)] Received HEADERS for invalid stream 7
[1113/010523.282:ERROR:ssl_client_socket_impl.cc(1001)] handshake failed; returned -1, SSL error code 1, net_error -100
[1113/012441.745:ERROR:ssl_client_socket_impl.cc(1001)] handshake failed; returned -1, SSL error code 1, net_error -117
[1113/013835.062:ERROR:ssl_client_socket_impl.cc(1001)] handshake failed; returned -1, SSL error code 1, net_error -117
[1113/015210.193:ERROR:ssl_client_socket_impl.cc(1001)] handshake failed; returned -1, SSL error code 1, net_error -117
[1113/015739.092:ERROR:ssl_client_socket_impl.cc(1001)] handshake failed; returned -1, SSL error code 1, net_error -117
[1113/015827.144:ERROR:ssl_client_socket_impl.cc(1001)] handshake failed; returned -1, SSL error code 1, net_error -100
[1113/020230.017:ERROR:ssl_client_socket_impl.cc(1001)] handshake failed; returned -1, SSL error code 1, net_error -117
[1113/021245.360:ERROR:ssl_client_socket_impl.cc(1001)] handshake failed; returned -1, SSL error code 1, net_error -101
[1113/021646.838:ERROR:ssl_client_socket_impl.cc(1001)] handshake failed; returned -1, SSL error code 1, net_error -117
[1113/022100.919:ERROR:ssl_client_socket_impl.cc(1001)] handshake failed; returned -1, SSL error code 1, net_error -113
[1113/022211.674:WARNING:spdy_session.cc(3267)] Received WINDOW_UPDATE for invalid stream 7
[1113/022211.674:WARNING:spdy_session.cc(3267)] Received WINDOW_UPDATE for invalid stream 7
[1113/022337.064:ERROR:ssl_client_socket_impl.cc(1001)] handshake failed; returned -1, SSL error code 1, net_error -101
[1113/022522.647:WARNING:spdy_session.cc(3324)] Received HEADERS for invalid stream 7
[1113/022642.066:WARNING:spdy_session.cc(3324)] Received HEADERS for invalid stream 139
[1113/022642.097:WARNING:spdy_session.cc(3324)] Received HEADERS for invalid stream 135
[1113/022642.111:WARNING:spdy_session.cc(3324)] Received HEADERS for invalid stream 137
[1113/022729.909:WARNING:spdy_session.cc(3324)] Received HEADERS for invalid stream 5
[1119/000304.028:WARNING:spdy_session.cc(3324)] Received HEADERS for invalid stream 33
[1119/000310.949:WARNING:spdy_session.cc(3324)] Received HEADERS for invalid stream 3
[1119/001109.535:WARNING:spdy_session.cc(3324)] Received HEADERS for invalid stream 53
[1119/001116.938:WARNING:spdy_session.cc(3324)] Received HEADERS for invalid stream 67
[1119/010019.312:ERROR:process_reader_win.cc(123)] NtOpenThread: {Access Denied} A process has requested access to an object, but has not been granted those access rights. (0xc0000022)
[1119/010019.314:ERROR:exception_snapshot_win.cc(98)] thread ID 22112 not found in process
[1119/021709.989:ERROR:process_reader_win.cc(123)] NtOpenThread: {Access Denied} A process has requested access to an object, but has not been granted those access rights. (0xc0000022)
[1119/021709.989:ERROR:exception_snapshot_win.cc(98)] thread ID 1576 not found in process
